ui/rooms/build/intermediates/manifest_merge_blame_file/productionDebug/manifest-merger-blame-production-debug-report.txt
1<?xml version="1.0" encoding="utf-8"?>
2<manifest xmlns:android="http://schemas.android.com/apk/res/android"
3    package="com.amalitech.ui.rooms" >
4
5    <uses-sdk android:minSdkVersion="24" />
5-->src/main/AndroidManifest.xml
6
7    <uses-permission android:name="android.permission.INTERNET" />
7-->src/main/AndroidManifest.xml:5:5-66
7-->src/main/AndroidManifest.xml:5:22-64
8
9</manifest>